<?xml version="1.0" encoding="UTF-8"?>
<!-- Generated by org.testng.reporters.JUnitReportReporter -->
<testsuite hostname="LAPTOP-D43TCSH3" failures="0" tests="1" name="com.testautomation.apitesting.tests.PostAPIRequestusingfile" time="5.242" errors="0" timestamp="2025-04-19T21:06:13 IST" skipped="0">
  <testcase classname="com.testautomation.apitesting.tests.PostAPIRequestusingfile" name="PostAPIRequestusingexternalfile" time="5.242"/>
</testsuite> <!-- com.testautomation.apitesting.tests.PostAPIRequestusingfile -->
