<?xml version="1.0" encoding="UTF-8"?>
<!-- Generated by org.testng.reporters.JUnitReportReporter -->
<testsuite hostname="LAPTOP-D43TCSH3" failures="0" tests="1" name="com.testautomation.apitesting.tests.PutAPIRequests" time="6.988" errors="0" timestamp="2025-04-22T09:08:08 IST" skipped="0">
  <testcase classname="com.testautomation.apitesting.tests.PutAPIRequests" name="PutAPIrequest" time="6.988"/>
</testsuite> <!-- com.testautomation.apitesting.tests.PutAPIRequests -->
